0 info it worked if it ends with ok
1 verbose cli [ '/usr/local/bin/node',
1 verbose cli   '/usr/local/bin/npm',
1 verbose cli   'i',
1 verbose cli   '-g',
1 verbose cli   'react-component-maker' ]
2 info using npm@3.10.3
3 info using node@v6.5.0
4 silly loadCurrentTree Starting
5 silly install loadCurrentTree
6 silly install readGlobalPackageData
7 silly fetchPackageMetaData react-component-maker
8 silly fetchNamedPackageData react-component-maker
9 silly mapToRegistry name react-component-maker
10 silly mapToRegistry using default registry
11 silly mapToRegistry registry https://registry.npmjs.org/
12 silly mapToRegistry data Result {
12 silly mapToRegistry   raw: 'react-component-maker',
12 silly mapToRegistry   scope: null,
12 silly mapToRegistry   escapedName: 'react-component-maker',
12 silly mapToRegistry   name: 'react-component-maker',
12 silly mapToRegistry   rawSpec: '',
12 silly mapToRegistry   spec: 'latest',
12 silly mapToRegistry   type: 'tag' }
13 silly mapToRegistry uri https://registry.npmjs.org/react-component-maker
14 verbose request uri https://registry.npmjs.org/react-component-maker
15 verbose request no auth needed
16 info attempt registry request try #1 at 18:06:33
17 verbose request using bearer token for auth
18 verbose request id 461a131a08a7c9f0
19 verbose etag "4WWMHBVJYX8EDQIW8AG4RUSMN"
20 http request GET https://registry.npmjs.org/react-component-maker
21 http 304 https://registry.npmjs.org/react-component-maker
22 verbose headers { 'cache-control': 'max-age=300',
22 verbose headers   'accept-ranges': 'bytes',
22 verbose headers   date: 'Wed, 19 Oct 2016 10:06:35 GMT',
22 verbose headers   via: '1.1 varnish',
22 verbose headers   connection: 'keep-alive',
22 verbose headers   'x-served-by': 'cache-hkg6822-HKG',
22 verbose headers   'x-cache': 'MISS',
22 verbose headers   'x-cache-hits': '0',
22 verbose headers   'x-timer': 'S1476871595.700585,VS0,VE236',
22 verbose headers   vary: 'Accept-Encoding' }
23 silly get cb [ 304,
23 silly get   { 'cache-control': 'max-age=300',
23 silly get     'accept-ranges': 'bytes',
23 silly get     date: 'Wed, 19 Oct 2016 10:06:35 GMT',
23 silly get     via: '1.1 varnish',
23 silly get     connection: 'keep-alive',
23 silly get     'x-served-by': 'cache-hkg6822-HKG',
23 silly get     'x-cache': 'MISS',
23 silly get     'x-cache-hits': '0',
23 silly get     'x-timer': 'S1476871595.700585,VS0,VE236',
23 silly get     vary: 'Accept-Encoding' } ]
24 verbose etag https://registry.npmjs.org/react-component-maker from cache
25 verbose get saving react-component-maker to /Users/xuyaguang/.npm/registry.npmjs.org/react-component-maker/.cache.json
26 verbose correctMkdir /Users/xuyaguang/.npm correctMkdir not in flight; initializing
27 silly install normalizeTree
28 silly loadCurrentTree Finishing
29 silly loadIdealTree Starting
30 silly install loadIdealTree
31 silly cloneCurrentTree Starting
32 silly install cloneCurrentTreeToIdealTree
33 silly cloneCurrentTree Finishing
34 silly loadShrinkwrap Starting
35 silly install loadShrinkwrap
36 silly loadShrinkwrap Finishing
37 silly loadAllDepsIntoIdealTree Starting
38 silly install loadAllDepsIntoIdealTree
39 silly resolveWithNewModule react-component-maker@1.0.1 checking installable status
40 silly cache add args [ 'react-component-maker', null ]
41 verbose cache add spec react-component-maker
42 silly cache add parsed spec Result {
42 silly cache add   raw: 'react-component-maker',
42 silly cache add   scope: null,
42 silly cache add   escapedName: 'react-component-maker',
42 silly cache add   name: 'react-component-maker',
42 silly cache add   rawSpec: '',
42 silly cache add   spec: 'latest',
42 silly cache add   type: 'tag' }
43 silly addNamed react-component-maker@latest
44 verbose addNamed "latest" is being treated as a dist-tag for react-component-maker
45 info addNameTag [ 'react-component-maker', 'latest' ]
46 silly mapToRegistry name react-component-maker
47 silly mapToRegistry using default registry
48 silly mapToRegistry registry https://registry.npmjs.org/
49 silly mapToRegistry data Result {
49 silly mapToRegistry   raw: 'react-component-maker',
49 silly mapToRegistry   scope: null,
49 silly mapToRegistry   escapedName: 'react-component-maker',
49 silly mapToRegistry   name: 'react-component-maker',
49 silly mapToRegistry   rawSpec: '',
49 silly mapToRegistry   spec: 'latest',
49 silly mapToRegistry   type: 'tag' }
50 silly mapToRegistry uri https://registry.npmjs.org/react-component-maker
51 verbose addNameTag registry:https://registry.npmjs.org/react-component-maker not in flight; fetching
52 verbose get https://registry.npmjs.org/react-component-maker not expired, no request
53 silly addNameTag next cb for react-component-maker with tag latest
54 silly addNamed react-component-maker@1.0.1
55 verbose addNamed "1.0.1" is a plain semver version for react-component-maker
56 silly cache afterAdd react-component-maker@1.0.1
57 verbose afterAdd /Users/xuyaguang/.npm/react-component-maker/1.0.1/package/package.json not in flight; writing
58 verbose correctMkdir /Users/xuyaguang/.npm correctMkdir not in flight; initializing
59 verbose afterAdd /Users/xuyaguang/.npm/react-component-maker/1.0.1/package/package.json written
60 silly fetchNamedPackageData commander
61 silly mapToRegistry name commander
62 silly mapToRegistry using default registry
63 silly mapToRegistry registry https://registry.npmjs.org/
64 silly mapToRegistry data Result {
64 silly mapToRegistry   raw: 'commander',
64 silly mapToRegistry   scope: null,
64 silly mapToRegistry   escapedName: 'commander',
64 silly mapToRegistry   name: 'commander',
64 silly mapToRegistry   rawSpec: '',
64 silly mapToRegistry   spec: 'latest',
64 silly mapToRegistry   type: 'tag' }
65 silly mapToRegistry uri https://registry.npmjs.org/commander
66 verbose request uri https://registry.npmjs.org/commander
67 verbose request no auth needed
68 info attempt registry request try #1 at 18:06:36
69 verbose request using bearer token for auth
70 verbose etag "B8M492349GLLFG76TVD54YB0F"
71 http request GET https://registry.npmjs.org/commander
72 http 304 https://registry.npmjs.org/commander
73 verbose headers { 'cache-control': 'max-age=300',
73 verbose headers   'accept-ranges': 'bytes',
73 verbose headers   date: 'Wed, 19 Oct 2016 10:06:36 GMT',
73 verbose headers   via: '1.1 varnish',
73 verbose headers   connection: 'keep-alive',
73 verbose headers   'x-served-by': 'cache-hkg6822-HKG',
73 verbose headers   'x-cache': 'MISS',
73 verbose headers   'x-cache-hits': '0',
73 verbose headers   'x-timer': 'S1476871596.092341,VS0,VE239',
73 verbose headers   vary: 'Accept-Encoding' }
74 silly get cb [ 304,
74 silly get   { 'cache-control': 'max-age=300',
74 silly get     'accept-ranges': 'bytes',
74 silly get     date: 'Wed, 19 Oct 2016 10:06:36 GMT',
74 silly get     via: '1.1 varnish',
74 silly get     connection: 'keep-alive',
74 silly get     'x-served-by': 'cache-hkg6822-HKG',
74 silly get     'x-cache': 'MISS',
74 silly get     'x-cache-hits': '0',
74 silly get     'x-timer': 'S1476871596.092341,VS0,VE239',
74 silly get     vary: 'Accept-Encoding' } ]
75 verbose etag https://registry.npmjs.org/commander from cache
76 verbose get saving commander to /Users/xuyaguang/.npm/registry.npmjs.org/commander/.cache.json
77 verbose correctMkdir /Users/xuyaguang/.npm correctMkdir not in flight; initializing
78 silly resolveWithNewModule commander@2.9.0 checking installable status
79 silly cache add args [ 'commander@^2.9.0', null ]
80 verbose cache add spec commander@^2.9.0
81 silly cache add parsed spec Result {
81 silly cache add   raw: 'commander@^2.9.0',
81 silly cache add   scope: null,
81 silly cache add   escapedName: 'commander',
81 silly cache add   name: 'commander',
81 silly cache add   rawSpec: '^2.9.0',
81 silly cache add   spec: '>=2.9.0 <3.0.0',
81 silly cache add   type: 'range' }
82 silly addNamed commander@>=2.9.0 <3.0.0
83 verbose addNamed ">=2.9.0 <3.0.0" is a valid semver range for commander
84 silly addNameRange { name: 'commander', range: '>=2.9.0 <3.0.0', hasData: false }
85 silly mapToRegistry name commander
86 silly mapToRegistry using default registry
87 silly mapToRegistry registry https://registry.npmjs.org/
88 silly mapToRegistry data Result {
88 silly mapToRegistry   raw: 'commander',
88 silly mapToRegistry   scope: null,
88 silly mapToRegistry   escapedName: 'commander',
88 silly mapToRegistry   name: 'commander',
88 silly mapToRegistry   rawSpec: '',
88 silly mapToRegistry   spec: 'latest',
88 silly mapToRegistry   type: 'tag' }
89 silly mapToRegistry uri https://registry.npmjs.org/commander
90 verbose addNameRange registry:https://registry.npmjs.org/commander not in flight; fetching
91 verbose get https://registry.npmjs.org/commander not expired, no request
92 silly addNameRange number 2 { name: 'commander', range: '>=2.9.0 <3.0.0', hasData: true }
93 silly addNameRange versions [ 'commander',
93 silly addNameRange   [ '0.0.1',
93 silly addNameRange     '0.0.3',
93 silly addNameRange     '0.0.4',
93 silly addNameRange     '0.0.5',
93 silly addNameRange     '0.1.0',
93 silly addNameRange     '0.2.0',
93 silly addNameRange     '0.2.1',
93 silly addNameRange     '0.3.0',
93 silly addNameRange     '0.3.1',
93 silly addNameRange     '0.3.2',
93 silly addNameRange     '0.3.3',
93 silly addNameRange     '0.4.0',
93 silly addNameRange     '0.4.1',
93 silly addNameRange     '0.4.2',
93 silly addNameRange     '0.4.3',
93 silly addNameRange     '0.5.0',
93 silly addNameRange     '0.5.1',
93 silly addNameRange     '0.6.0',
93 silly addNameRange     '0.6.1',
93 silly addNameRange     '0.5.2',
93 silly addNameRange     '1.0.0',
93 silly addNameRange     '1.0.1',
93 silly addNameRange     '1.0.2',
93 silly addNameRange     '1.0.3',
93 silly addNameRange     '1.0.4',
93 silly addNameRange     '1.0.5',
93 silly addNameRange     '1.1.0',
93 silly addNameRange     '1.1.1',
93 silly addNameRange     '1.2.0',
93 silly addNameRange     '1.3.0',
93 silly addNameRange     '1.3.1',
93 silly addNameRange     '1.3.2',
93 silly addNameRange     '2.0.0',
93 silly addNameRange     '2.1.0',
93 silly addNameRange     '2.2.0',
93 silly addNameRange     '2.3.0',
93 silly addNameRange     '2.4.0',
93 silly addNameRange     '2.5.0',
93 silly addNameRange     '2.5.1',
93 silly addNameRange     '2.6.0',
93 silly addNameRange     '2.7.0',
93 silly addNameRange     '2.7.1',
93 silly addNameRange     '2.8.0',
93 silly addNameRange     '2.8.1',
93 silly addNameRange     '2.9.0' ] ]
94 silly addNamed commander@2.9.0
95 verbose addNamed "2.9.0" is a plain semver version for commander
96 silly cache afterAdd commander@2.9.0
97 verbose afterAdd /Users/xuyaguang/.npm/commander/2.9.0/package/package.json not in flight; writing
98 verbose correctMkdir /Users/xuyaguang/.npm correctMkdir not in flight; initializing
99 verbose afterAdd /Users/xuyaguang/.npm/commander/2.9.0/package/package.json written
100 silly fetchNamedPackageData graceful-readlink
101 silly mapToRegistry name graceful-readlink
102 silly mapToRegistry using default registry
103 silly mapToRegistry registry https://registry.npmjs.org/
104 silly mapToRegistry data Result {
104 silly mapToRegistry   raw: 'graceful-readlink',
104 silly mapToRegistry   scope: null,
104 silly mapToRegistry   escapedName: 'graceful-readlink',
104 silly mapToRegistry   name: 'graceful-readlink',
104 silly mapToRegistry   rawSpec: '',
104 silly mapToRegistry   spec: 'latest',
104 silly mapToRegistry   type: 'tag' }
105 silly mapToRegistry uri https://registry.npmjs.org/graceful-readlink
106 verbose request uri https://registry.npmjs.org/graceful-readlink
107 verbose request no auth needed
108 info attempt registry request try #1 at 18:06:36
109 verbose request using bearer token for auth
110 verbose etag "4Y89F8JDJP0YPHGBB0IMVMPJA"
111 http request GET https://registry.npmjs.org/graceful-readlink
112 http 304 https://registry.npmjs.org/graceful-readlink
113 verbose headers { 'cache-control': 'max-age=300',
113 verbose headers   'accept-ranges': 'bytes',
113 verbose headers   date: 'Wed, 19 Oct 2016 10:06:36 GMT',
113 verbose headers   via: '1.1 varnish',
113 verbose headers   connection: 'keep-alive',
113 verbose headers   'x-served-by': 'cache-hkg6822-HKG',
113 verbose headers   'x-cache': 'MISS',
113 verbose headers   'x-cache-hits': '0',
113 verbose headers   'x-timer': 'S1476871596.497721,VS0,VE194',
113 verbose headers   vary: 'Accept-Encoding' }
114 silly get cb [ 304,
114 silly get   { 'cache-control': 'max-age=300',
114 silly get     'accept-ranges': 'bytes',
114 silly get     date: 'Wed, 19 Oct 2016 10:06:36 GMT',
114 silly get     via: '1.1 varnish',
114 silly get     connection: 'keep-alive',
114 silly get     'x-served-by': 'cache-hkg6822-HKG',
114 silly get     'x-cache': 'MISS',
114 silly get     'x-cache-hits': '0',
114 silly get     'x-timer': 'S1476871596.497721,VS0,VE194',
114 silly get     vary: 'Accept-Encoding' } ]
115 verbose etag https://registry.npmjs.org/graceful-readlink from cache
116 verbose get saving graceful-readlink to /Users/xuyaguang/.npm/registry.npmjs.org/graceful-readlink/.cache.json
117 verbose correctMkdir /Users/xuyaguang/.npm correctMkdir not in flight; initializing
118 silly resolveWithNewModule graceful-readlink@1.0.1 checking installable status
119 silly cache add args [ 'graceful-readlink@>= 1.0.0', null ]
120 verbose cache add spec graceful-readlink@>= 1.0.0
121 silly cache add parsed spec Result {
121 silly cache add   raw: 'graceful-readlink@>= 1.0.0',
121 silly cache add   scope: null,
121 silly cache add   escapedName: 'graceful-readlink',
121 silly cache add   name: 'graceful-readlink',
121 silly cache add   rawSpec: '>= 1.0.0',
121 silly cache add   spec: '>=1.0.0',
121 silly cache add   type: 'range' }
122 silly addNamed graceful-readlink@>=1.0.0
123 verbose addNamed ">=1.0.0" is a valid semver range for graceful-readlink
124 silly addNameRange { name: 'graceful-readlink', range: '>=1.0.0', hasData: false }
125 silly mapToRegistry name graceful-readlink
126 silly mapToRegistry using default registry
127 silly mapToRegistry registry https://registry.npmjs.org/
128 silly mapToRegistry data Result {
128 silly mapToRegistry   raw: 'graceful-readlink',
128 silly mapToRegistry   scope: null,
128 silly mapToRegistry   escapedName: 'graceful-readlink',
128 silly mapToRegistry   name: 'graceful-readlink',
128 silly mapToRegistry   rawSpec: '',
128 silly mapToRegistry   spec: 'latest',
128 silly mapToRegistry   type: 'tag' }
129 silly mapToRegistry uri https://registry.npmjs.org/graceful-readlink
130 verbose addNameRange registry:https://registry.npmjs.org/graceful-readlink not in flight; fetching
131 verbose get https://registry.npmjs.org/graceful-readlink not expired, no request
132 silly addNameRange number 2 { name: 'graceful-readlink', range: '>=1.0.0', hasData: true }
133 silly addNameRange versions [ 'graceful-readlink', [ '1.0.0', '1.0.1' ] ]
134 silly addNamed graceful-readlink@1.0.1
135 verbose addNamed "1.0.1" is a plain semver version for graceful-readlink
136 silly cache afterAdd graceful-readlink@1.0.1
137 verbose afterAdd /Users/xuyaguang/.npm/graceful-readlink/1.0.1/package/package.json not in flight; writing
138 verbose correctMkdir /Users/xuyaguang/.npm correctMkdir not in flight; initializing
139 verbose afterAdd /Users/xuyaguang/.npm/graceful-readlink/1.0.1/package/package.json written
140 silly loadAllDepsIntoIdealTree Finishing
141 silly loadIdealTree Finishing
142 silly currentTree lib
143 silly idealTree lib
143 silly idealTree └─┬ react-component-maker@1.0.1
143 silly idealTree   ├── commander@2.9.0
143 silly idealTree   └── graceful-readlink@1.0.1
144 silly generateActionsToTake Starting
145 silly install generateActionsToTake
146 silly generateActionsToTake Finishing
147 silly diffTrees action count 3
148 silly diffTrees add graceful-readlink@1.0.1
149 silly diffTrees add commander@2.9.0
150 silly diffTrees add react-component-maker@1.0.1
151 silly decomposeActions action count 24
152 silly decomposeActions fetch graceful-readlink@1.0.1
153 silly decomposeActions extract graceful-readlink@1.0.1
154 silly decomposeActions test graceful-readlink@1.0.1
155 silly decomposeActions preinstall graceful-readlink@1.0.1
156 silly decomposeActions build graceful-readlink@1.0.1
157 silly decomposeActions install graceful-readlink@1.0.1
158 silly decomposeActions postinstall graceful-readlink@1.0.1
159 silly decomposeActions finalize graceful-readlink@1.0.1
160 silly decomposeActions fetch commander@2.9.0
161 silly decomposeActions extract commander@2.9.0
162 silly decomposeActions test commander@2.9.0
163 silly decomposeActions preinstall commander@2.9.0
164 silly decomposeActions build commander@2.9.0
165 silly decomposeActions install commander@2.9.0
166 silly decomposeActions postinstall commander@2.9.0
167 silly decomposeActions finalize commander@2.9.0
168 silly decomposeActions fetch react-component-maker@1.0.1
169 silly decomposeActions extract react-component-maker@1.0.1
170 silly decomposeActions test react-component-maker@1.0.1
171 silly decomposeActions preinstall react-component-maker@1.0.1
172 silly decomposeActions build react-component-maker@1.0.1
173 silly decomposeActions install react-component-maker@1.0.1
174 silly decomposeActions postinstall react-component-maker@1.0.1
175 silly decomposeActions finalize react-component-maker@1.0.1
176 silly executeActions Starting
177 silly install executeActions
178 silly doSerial global-install 0
179 silly doParallel fetch 3
180 verbose correctMkdir /Users/xuyaguang/.npm/_locks correctMkdir not in flight; initializing
181 verbose lock using /Users/xuyaguang/.npm/_locks/staging-3a08f0df5026584d.lock for /usr/local/lib/node_modules/.staging
182 silly doParallel extract 3
183 silly extract graceful-readlink@1.0.1
184 silly extract commander@2.9.0
185 silly extract react-component-maker@1.0.1
186 verbose unbuild lib/node_modules/.staging/graceful-readlink-e441065a
187 verbose unbuild lib/node_modules/.staging/commander-b3f69c64
188 verbose unbuild lib/node_modules/.staging/react-component-maker-6ef9ca81
189 silly gentlyRm /usr/local/lib/node_modules/.staging/graceful-readlink-e441065a is being purged from base /usr/local
190 verbose gentlyRm don't care about contents; nuking /usr/local/lib/node_modules/.staging/graceful-readlink-e441065a
191 silly gentlyRm /usr/local/lib/node_modules/.staging/commander-b3f69c64 is being purged from base /usr/local
192 verbose gentlyRm don't care about contents; nuking /usr/local/lib/node_modules/.staging/commander-b3f69c64
193 verbose tar unpack /Users/xuyaguang/.npm/graceful-readlink/1.0.1/package.tgz
194 verbose tar unpacking to /usr/local/lib/node_modules/.staging/graceful-readlink-e441065a
195 silly gentlyRm /usr/local/lib/node_modules/.staging/graceful-readlink-e441065a is being purged
196 verbose gentlyRm don't care about contents; nuking /usr/local/lib/node_modules/.staging/graceful-readlink-e441065a
197 verbose tar unpack /Users/xuyaguang/.npm/commander/2.9.0/package.tgz
198 verbose tar unpacking to /usr/local/lib/node_modules/.staging/commander-b3f69c64
199 silly gentlyRm /usr/local/lib/node_modules/.staging/commander-b3f69c64 is being purged
200 verbose gentlyRm don't care about contents; nuking /usr/local/lib/node_modules/.staging/commander-b3f69c64
201 silly gentlyRm /usr/local/lib/node_modules/.staging/react-component-maker-6ef9ca81 is being purged from base /usr/local
202 verbose gentlyRm don't care about contents; nuking /usr/local/lib/node_modules/.staging/react-component-maker-6ef9ca81
203 silly gunzTarPerm modes [ '755', '644' ]
204 silly gunzTarPerm modes [ '755', '644' ]
205 verbose tar unpack /Users/xuyaguang/.npm/react-component-maker/1.0.1/package.tgz
206 verbose tar unpacking to /usr/local/lib/node_modules/.staging/react-component-maker-6ef9ca81
207 silly gentlyRm /usr/local/lib/node_modules/.staging/react-component-maker-6ef9ca81 is being purged
208 verbose gentlyRm don't care about contents; nuking /usr/local/lib/node_modules/.staging/react-component-maker-6ef9ca81
209 silly gunzTarPerm modes [ '755', '644' ]
210 silly gunzTarPerm extractEntry package.json
211 silly gunzTarPerm modified mode [ 'package.json', 436, 420 ]
212 silly gunzTarPerm extractEntry package.json
213 silly gunzTarPerm extractEntry package.json
214 silly gunzTarPerm extractEntry .npmignore
215 silly gunzTarPerm modified mode [ '.npmignore', 436, 420 ]
216 silly gunzTarPerm extractEntry README.md
217 silly gunzTarPerm modified mode [ 'README.md', 436, 420 ]
218 silly gunzTarPerm extractEntry LICENSE
219 silly gunzTarPerm extractEntry index.js
220 silly gunzTarPerm extractEntry .npmignore
221 silly gunzTarPerm extractEntry README.md
222 silly gunzTarPerm extractEntry LICENSE
223 silly gunzTarPerm modified mode [ 'LICENSE', 436, 420 ]
224 silly gunzTarPerm extractEntry index.js
225 silly gunzTarPerm modified mode [ 'index.js', 436, 420 ]
226 silly gunzTarPerm extractEntry Readme.md
227 silly gunzTarPerm extractEntry index.js
228 silly gunzTarPerm extractEntry lib/createReactComponent.js
229 silly gunzTarPerm extractEntry .travis.yml
230 silly gunzTarPerm modified mode [ '.travis.yml', 436, 420 ]
231 silly gunzTarPerm extractEntry History.md
232 silly gunzTarPerm extractEntry lib/index.js
233 silly gunzTarPerm extractEntry lib/writeFile.js
234 silly gentlyRm /usr/local/lib/node_modules/.staging/commander-b3f69c64/node_modules is being purged
235 verbose gentlyRm don't care about contents; nuking /usr/local/lib/node_modules/.staging/commander-b3f69c64/node_modules
236 silly gentlyRm /usr/local/lib/node_modules/.staging/graceful-readlink-e441065a/node_modules is being purged
237 verbose gentlyRm don't care about contents; nuking /usr/local/lib/node_modules/.staging/graceful-readlink-e441065a/node_modules
238 silly gentlyRm /usr/local/lib/node_modules/.staging/react-component-maker-6ef9ca81/node_modules is being purged
239 verbose gentlyRm don't care about contents; nuking /usr/local/lib/node_modules/.staging/react-component-maker-6ef9ca81/node_modules
240 silly doParallel preinstall 3
241 silly preinstall graceful-readlink@1.0.1 /usr/local/lib/node_modules/.staging/graceful-readlink-e441065a
242 info lifecycle graceful-readlink@1.0.1~preinstall: graceful-readlink@1.0.1
243 silly preinstall commander@2.9.0 /usr/local/lib/node_modules/.staging/commander-b3f69c64
244 info lifecycle commander@2.9.0~preinstall: commander@2.9.0
245 silly preinstall react-component-maker@1.0.1 /usr/local/lib/node_modules/.staging/react-component-maker-6ef9ca81
246 info lifecycle react-component-maker@1.0.1~preinstall: react-component-maker@1.0.1
247 silly lifecycle graceful-readlink@1.0.1~preinstall: no script for preinstall, continuing
248 silly lifecycle commander@2.9.0~preinstall: no script for preinstall, continuing
249 silly lifecycle react-component-maker@1.0.1~preinstall: no script for preinstall, continuing
250 silly doReverseSerial remove 0
251 silly doSerial move 0
252 silly doSerial finalize 3
253 silly finalize /usr/local/lib/node_modules/react-component-maker/node_modules/graceful-readlink
254 silly finalize /usr/local/lib/node_modules/react-component-maker/node_modules/commander
255 silly finalize /usr/local/lib/node_modules/react-component-maker
256 silly doSerial build 3
257 silly build graceful-readlink@1.0.1
258 info linkStuff graceful-readlink@1.0.1
259 silly linkStuff graceful-readlink@1.0.1 has /usr/local/lib/node_modules/react-component-maker/node_modules as its parent node_modules
260 silly linkStuff graceful-readlink@1.0.1 is part of a global install
261 silly linkStuff graceful-readlink@1.0.1 is installed into a global node_modules
262 verbose linkBins graceful-readlink@1.0.1
263 verbose linkMans graceful-readlink@1.0.1
264 silly build commander@2.9.0
265 info linkStuff commander@2.9.0
266 silly linkStuff commander@2.9.0 has /usr/local/lib/node_modules/react-component-maker/node_modules as its parent node_modules
267 silly linkStuff commander@2.9.0 is part of a global install
268 silly linkStuff commander@2.9.0 is installed into a global node_modules
269 verbose linkBins commander@2.9.0
270 verbose linkMans commander@2.9.0
271 silly build react-component-maker@1.0.1
272 info linkStuff react-component-maker@1.0.1
273 silly linkStuff react-component-maker@1.0.1 has /usr/local/lib/node_modules as its parent node_modules
274 silly linkStuff react-component-maker@1.0.1 is part of a global install
275 silly linkStuff react-component-maker@1.0.1 is installed into a global node_modules
276 silly linkStuff react-component-maker@1.0.1 is installed into the top-level global node_modules
277 verbose linkBins react-component-maker@1.0.1
278 verbose link bins [ { mkreact: './index.js' }, '/usr/local/bin', true ]
279 verbose linkMans react-component-maker@1.0.1
280 silly gentlyRm /usr/local/bin/mkreact is being gently removed
281 silly gentlyRm parent.path = /usr/local
282 silly gentlyRm parent.managed = /usr/local is in /usr/local
283 silly gentlyRm target.path =  /usr/local/bin/mkreact
284 silly gentlyRm target.symlink = ../lib/node_modules/react-component-tool/index.js
285 silly gentlyRm target.managed = false
286 silly gentlyRm target.inParent =  false
287 verbose unlock done using /Users/xuyaguang/.npm/_locks/staging-3a08f0df5026584d.lock for /usr/local/lib/node_modules/.staging
288 silly rollbackFailedOptional Starting
289 silly rollbackFailedOptional Finishing
290 silly runTopLevelLifecycles Starting
291 silly runTopLevelLifecycles Finishing
292 silly install printInstalled
293 verbose stack Error: Refusing to delete /usr/local/bin/mkreact: ../lib/node_modules/react-component-tool/index.js symlink target is not controlled by npm /usr/local
293 verbose stack     at clobberFail (/usr/local/lib/node_modules/npm/lib/utils/gently-rm.js:162:12)
293 verbose stack     at isSafeToRm (/usr/local/lib/node_modules/npm/lib/utils/gently-rm.js:152:15)
293 verbose stack     at /usr/local/lib/node_modules/npm/lib/utils/gently-rm.js:93:5
293 verbose stack     at LOOP (/usr/local/lib/node_modules/npm/node_modules/slide/lib/chain.js:7:26)
293 verbose stack     at /usr/local/lib/node_modules/npm/node_modules/slide/lib/chain.js:18:7
293 verbose stack     at /usr/local/lib/node_modules/npm/lib/utils/gently-rm.js:179:14
293 verbose stack     at /usr/local/lib/node_modules/npm/node_modules/iferr/index.js:11:16
293 verbose stack     at /usr/local/lib/node_modules/npm/node_modules/iferr/index.js:11:16
293 verbose stack     at /usr/local/lib/node_modules/npm/node_modules/iferr/index.js:11:16
293 verbose stack     at /usr/local/lib/node_modules/npm/node_modules/iferr/index.js:11:16
294 verbose cwd /Users/xuyaguang/xyg/github/react-component-maker
295 error Darwin 16.0.0
296 error argv "/usr/local/bin/node" "/usr/local/bin/npm" "i" "-g" "react-component-maker"
297 error node v6.5.0
298 error npm  v3.10.3
299 error path /usr/local/bin/mkreact
300 error code EEXIST
301 error Refusing to delete /usr/local/bin/mkreact: ../lib/node_modules/react-component-tool/index.js symlink target is not controlled by npm /usr/local
302 error File exists: /usr/local/bin/mkreact
303 error Move it away, and try again.
304 verbose exit [ 1, true ]
